<?xml version="1.0" encoding="UTF-8"?>
<testng-results ignored="0" total="1" passed="1" failed="0" skipped="0">
  <reporter-output>
  </reporter-output>
  <suite started-at="2023-06-13T14:55:31 IST" name="GoogleService" finished-at="2023-06-13T14:55:43 IST" duration-ms="11921">
    <groups>
    </groups>
    <test started-at="2023-06-13T14:55:31 IST" name="GoogleService Test" finished-at="2023-06-13T14:55:43 IST" duration-ms="11921">
      <class name="com.GoogleService.Testcases.TC_AdvancedSearchOptionTest">
        <test-method is-config="true" signature="setUp(java.lang.String)[pri:0, instance:com.GoogleService.Testcases.TC_AdvancedSearchOptionTest@7f69d591]" started-at="2023-06-13T14:55:32 IST" name="setUp" finished-at="2023-06-13T14:55:37 IST" duration-ms="5727" status="PASS">
          <params>
            <param index="0">
              <value>
                <![CDATA[Chrome]]>
              </value>
            </param>
          </params>
          <reporter-output>
          </reporter-output>
        </test-method> <!-- setUp -->
        <test-method signature="googleHomePageTest(java.lang.String,java.lang.String,java.lang.String,java.lang.String,java.lang.String,java.lang.String,java.lang.String)[pri:0, instance:com.GoogleService.Testcases.TC_AdvancedSearchOptionTest@7f69d591]" started-at="2023-06-13T14:55:38 IST" name="googleHomePageTest" data-provider="data" finished-at="2023-06-13T14:55:43 IST" duration-ms="4538" status="PASS">
          <params>
            <param index="0">
              <value>
                <![CDATA[Kai-ros]]>
              </value>
            </param>
            <param index="1">
              <value>
                <![CDATA[Kai]]>
              </value>
            </param>
            <param index="2">
              <value>
                <![CDATA[Kai OR ros]]>
              </value>
            </param>
            <param index="3">
              <value>
                <![CDATA[none]]>
              </value>
            </param>
            <param index="4">
              <value>
                <![CDATA[1]]>
              </value>
            </param>
            <param index="5">
              <value>
                <![CDATA[20]]>
              </value>
            </param>
            <param index="6">
              <value>
                <![CDATA[https://www.google.com]]>
              </value>
            </param>
          </params>
          <reporter-output>
          </reporter-output>
        </test-method> <!-- googleHomePageTest -->
        <test-method is-config="true" signature="tearDown()[pri:0, instance:com.GoogleService.Testcases.TC_AdvancedSearchOptionTest@7f69d591]" started-at="2023-06-13T14:55:43 IST" name="tearDown" finished-at="2023-06-13T14:55:43 IST" duration-ms="306" status="PASS">
          <reporter-output>
          </reporter-output>
        </test-method> <!-- tearDown -->
      </class> <!-- com.GoogleService.Testcases.TC_AdvancedSearchOptionTest -->
    </test> <!-- GoogleService Test -->
  </suite> <!-- GoogleService -->
</testng-results>
